Base path: C:/Program Files (x86)/Unity/Editor/Data
Pipe name: \\.\pipe\UnityShaderCompiler-1-5060
Cmd: getPlatforms
Cmd: preprocess
  insize=435 outsize=1181 ok=1
Cmd: compileSnippet
  api=4 type=0 insize=2255 outsize=2875 kw=SPOT ok=1
Cmd: compileSnippet
  api=4 type=1 insize=2255 outsize=2038 kw=SPOT ok=1
Cmd: compileSnippet
  api=4 type=0 insize=2255 outsize=1851 kw=DIRECTIONAL ok=1
Cmd: compileSnippet
  api=4 type=1 insize=2255 outsize=1128 kw=DIRECTIONAL ok=1
Cmd: preprocess
  insize=1408 outsize=1405 ok=1
Cmd: preprocess
  insize=1408 outsize=1405 ok=1
Cmd: preprocess
  insize=433 outsize=1179 ok=1
Cmd: preprocess
  insize=432 outsize=1178 ok=1
Cmd: preprocess
  insize=573 outsize=1239 ok=1
Cmd: compileSnippet
  api=4 type=0 insize=4358 outsize=2607 kw=DIRECTIONAL SHADOWS_OFF LIGHTMAP_OFF DIRLIGHTMAP_OFF ok=1
Cmd: compileSnippet
  api=4 type=1 insize=4358 outsize=1242 kw=DIRECTIONAL SHADOWS_OFF LIGHTMAP_OFF DIRLIGHTMAP_OFF ok=1
Cmd: compileSnippet
  api=4 type=0 insize=2334 outsize=2875 kw=POINT ok=1
Cmd: compileSnippet
  api=4 type=1 insize=2334 outsize=1542 kw=POINT ok=1
Cmd: compileSnippet
  api=4 type=0 insize=1862 outsize=1477 kw= ok=1
Cmd: compileSnippet
  api=4 type=1 insize=1862 outsize=632 kw= ok=1
Cmd: compileSnippet
  api=4 type=0 insize=4075 outsize=2883 kw=LIGHTMAP_OFF DIRLIGHTMAP_OFF HDR_LIGHT_PREPASS_OFF ok=1
Cmd: compileSnippet
  api=4 type=1 insize=4075 outsize=1152 kw=LIGHTMAP_OFF DIRLIGHTMAP_OFF HDR_LIGHT_PREPASS_OFF ok=1
Cmd: preprocess
  insize=734 outsize=1239 ok=1
Cmd: compileSnippet
  api=4 type=0 insize=4573 outsize=2615 kw=DIRECTIONAL SHADOWS_OFF LIGHTMAP_OFF DIRLIGHTMAP_OFF ok=1
Cmd: compileSnippet
  api=4 type=1 insize=4573 outsize=1242 kw=DIRECTIONAL SHADOWS_OFF LIGHTMAP_OFF DIRLIGHTMAP_OFF ok=1
Cmd: compileSnippet
  api=4 type=0 insize=2549 outsize=2883 kw=POINT ok=1
Cmd: compileSnippet
  api=4 type=1 insize=2549 outsize=1542 kw=POINT ok=1
Cmd: compileSnippet
  api=4 type=0 insize=2077 outsize=1485 kw= ok=1
Cmd: compileSnippet
  api=4 type=1 insize=2077 outsize=632 kw= ok=1
Cmd: compileSnippet
  api=4 type=0 insize=4290 outsize=2891 kw=LIGHTMAP_OFF DIRLIGHTMAP_OFF HDR_LIGHT_PREPASS_OFF ok=1
Cmd: compileSnippet
  api=4 type=1 insize=4290 outsize=1152 kw=LIGHTMAP_OFF DIRLIGHTMAP_OFF HDR_LIGHT_PREPASS_OFF ok=1
Cmd: compileSnippet
  api=4 type=0 insize=2334 outsize=2875 kw=SPOT ok=1
Cmd: compileSnippet
  api=4 type=1 insize=2334 outsize=2038 kw=SPOT ok=1
Cmd: compileSnippet
  api=4 type=0 insize=2334 outsize=1851 kw=DIRECTIONAL ok=1
Cmd: compileSnippet
  api=4 type=1 insize=2334 outsize=1128 kw=DIRECTIONAL ok=1
Cmd: compileSnippet
  api=4 type=0 insize=2549 outsize=1859 kw=DIRECTIONAL ok=1
Cmd: compileSnippet
  api=4 type=1 insize=2549 outsize=1128 kw=DIRECTIONAL ok=1
Cmd: compileSnippet
  api=4 type=0 insize=2549 outsize=2883 kw=SPOT ok=1
Cmd: compileSnippet
  api=4 type=1 insize=2549 outsize=2038 kw=SPOT ok=1
